app/build/intermediates/manifest_merge_blame_file/debug/manifest-merger-blame-debug-report.txt
1<?xml version="1.0" encoding="utf-8"?>
2<manifest xmlns:android="http://schemas.android.com/apk/res/android"
3    package="com.example.mlkit"
4    android:versionCode="1"
5    android:versionName="1.0" >
6
7    <uses-sdk
8        android:minSdkVersion="26"
9        android:targetSdkVersion="34" />
10
11    <uses-feature android:name="android.hardware.camera.any" />
11-->src/main/AndroidManifest.xml:4:5-64
11-->src/main/AndroidManifest.xml:4:19-61
12
13    <uses-permission android:name="android.permission.CAMERA" />
13-->src/main/AndroidManifest.xml:5:5-65
13-->src/main/AndroidManifest.xml:5:22-62
14
15    <!-- For remote config -->
16    <uses-permission android:name="android.permission.ACCESS_NETWORK_STATE" />
16-->[com.google.mlkit:object-detection:17.0.0] AndroidManifest.xml:7:5-79
16-->[com.google.mlkit:object-detection:17.0.0] AndroidManifest.xml:7:22-76
17    <uses-permission android:name="android.permission.INTERNET" />
17-->[com.google.mlkit:object-detection:17.0.0] AndroidManifest.xml:8:5-67
17-->[com.google.mlkit:object-detection:17.0.0] AndroidManifest.xml:8:22-64
18    <uses-permission android:name="com.google.android.apps.aicore.service.BIND_SERVICE" />
18-->[com.google.mlkit:genai-image-description:1.0.0-beta1] AndroidManifest.xml:9:5-91
18-->[com.google.mlkit:genai-image-description:1.0.0-beta1] AndroidManifest.xml:9:22-88
19
20    <queries>
20-->[com.google.mlkit:genai-image-description:1.0.0-beta1] AndroidManifest.xml:11:5-13:15
21        <package android:name="com.google.android.aicore" />
21-->[com.google.mlkit:genai-image-description:1.0.0-beta1] AndroidManifest.xml:12:9-61
21-->[com.google.mlkit:genai-image-description:1.0.0-beta1] AndroidManifest.xml:12:18-58
22        <package android:name="androidx.test.orchestrator" />
22-->[androidx.test:runner:1.5.2] AndroidManifest.xml:25:9-62
22-->[androidx.test:runner:1.5.2] AndroidManifest.xml:25:18-59
23        <package android:name="androidx.test.services" />
23-->[androidx.test:runner:1.5.2] AndroidManifest.xml:26:9-58
23-->[androidx.test:runner:1.5.2] AndroidManifest.xml:26:18-55
24        <package android:name="com.google.android.apps.common.testing.services" />
24-->[androidx.test:runner:1.5.2] AndroidManifest.xml:27:9-83
24-->[androidx.test:runner:1.5.2] AndroidManifest.xml:27:18-80
25    </queries>
26
27    <permission
27-->[androidx.core:core:1.12.0] AndroidManifest.xml:22:5-24:47
28        android:name="com.example.mlkit.DYNAMIC_RECEIVER_NOT_EXPORTED_PERMISSION"
28-->[androidx.core:core:1.12.0] AndroidManifest.xml:23:9-81
29        android:protectionLevel="signature" />
29-->[androidx.core:core:1.12.0] AndroidManifest.xml:24:9-44
30
31    <uses-permission android:name="com.example.mlkit.DYNAMIC_RECEIVER_NOT_EXPORTED_PERMISSION" />
31-->[androidx.core:core:1.12.0] AndroidManifest.xml:26:5-97
31-->[androidx.core:core:1.12.0] AndroidManifest.xml:26:22-94
32    <uses-permission android:name="android.permission.REORDER_TASKS" />
32-->[androidx.test:core:1.5.0] AndroidManifest.xml:24:5-72
32-->[androidx.test:core:1.5.0] AndroidManifest.xml:24:22-69
33
34    <application
34-->src/main/AndroidManifest.xml:7:5-22:19
35        android:allowBackup="true"
35-->src/main/AndroidManifest.xml:8:9-35
36        android:appComponentFactory="androidx.core.app.CoreComponentFactory"
36-->[androidx.core:core:1.12.0] AndroidManifest.xml:28:18-86
37        android:debuggable="true"
38        android:extractNativeLibs="false"
39        android:icon="@drawable/ic_launcher"
39-->src/main/AndroidManifest.xml:9:9-45
40        android:label="@string/app_name"
40-->src/main/AndroidManifest.xml:10:9-41
41        android:roundIcon="@drawable/ic_launcher"
41-->src/main/AndroidManifest.xml:11:9-50
42        android:supportsRtl="true"
42-->src/main/AndroidManifest.xml:12:9-35
43        android:testOnly="true"
44        android:theme="@style/Theme.MLKit" >
44-->src/main/AndroidManifest.xml:13:9-43
45        <activity
45-->src/main/AndroidManifest.xml:14:9-21:20
46            android:name="com.example.mlkit.MainActivity"
46-->src/main/AndroidManifest.xml:15:13-41
47            android:exported="true" >
47-->src/main/AndroidManifest.xml:16:13-36
48            <intent-filter>
48-->src/main/AndroidManifest.xml:17:13-20:29
49                <action android:name="android.intent.action.MAIN" />
49-->src/main/AndroidManifest.xml:18:17-69
49-->src/main/AndroidManifest.xml:18:25-66
50
51                <category android:name="android.intent.category.LAUNCHER" />
51-->src/main/AndroidManifest.xml:19:17-77
51-->src/main/AndroidManifest.xml:19:27-74
52            </intent-filter>
53        </activity>
54
55        <service
55-->[androidx.camera:camera-camera2:1.3.1] AndroidManifest.xml:24:9-33:19
56            android:name="androidx.camera.core.impl.MetadataHolderService"
56-->[androidx.camera:camera-camera2:1.3.1] AndroidManifest.xml:25:13-75
57            android:enabled="false"
57-->[androidx.camera:camera-camera2:1.3.1] AndroidManifest.xml:26:13-36
58            android:exported="false" >
58-->[androidx.camera:camera-camera2:1.3.1] AndroidManifest.xml:27:13-37
59            <meta-data
59-->[androidx.camera:camera-camera2:1.3.1] AndroidManifest.xml:30:13-32:89
60                android:name="androidx.camera.core.impl.MetadataHolderService.DEFAULT_CONFIG_PROVIDER"
60-->[androidx.camera:camera-camera2:1.3.1] AndroidManifest.xml:31:17-103
61                android:value="androidx.camera.camera2.Camera2Config$DefaultProvider" />
61-->[androidx.camera:camera-camera2:1.3.1] AndroidManifest.xml:32:17-86
62        </service>
63        <service
63-->[com.google.mlkit:object-detection:17.0.0] AndroidManifest.xml:11:9-17:19
64            android:name="com.google.mlkit.common.internal.MlKitComponentDiscoveryService"
64-->[com.google.mlkit:object-detection:17.0.0] AndroidManifest.xml:12:13-91
65            android:directBootAware="true"
65-->[com.google.mlkit:common:18.11.0] AndroidManifest.xml:17:13-43
66            android:exported="false" >
66-->[com.google.mlkit:object-detection:17.0.0] AndroidManifest.xml:13:13-37
67            <meta-data
67-->[com.google.mlkit:object-detection:17.0.0] AndroidManifest.xml:14:13-16:85
68                android:name="com.google.firebase.components:com.google.mlkit.vision.objects.defaults.internal.DefaultObjectsRegistrar"
68-->[com.google.mlkit:object-detection:17.0.0] AndroidManifest.xml:15:17-136
69                android:value="com.google.firebase.components.ComponentRegistrar" />
69-->[com.google.mlkit:object-detection:17.0.0] AndroidManifest.xml:16:17-82
70            <meta-data
70-->[com.google.mlkit:image-labeling:17.0.7] AndroidManifest.xml:11:13-13:85
71                android:name="com.google.firebase.components:com.google.mlkit.vision.label.defaults.internal.BundledLabelRegistrar"
71-->[com.google.mlkit:image-labeling:17.0.7] AndroidManifest.xml:12:17-132
72                android:value="com.google.firebase.components.ComponentRegistrar" />
72-->[com.google.mlkit:image-labeling:17.0.7] AndroidManifest.xml:13:17-82
73            <meta-data
73-->[com.google.mlkit:vision-internal-vkp:18.2.2] AndroidManifest.xml:14:13-16:85
74                android:name="com.google.firebase.components:com.google.mlkit.vision.vkp.VkpRegistrar"
74-->[com.google.mlkit:vision-internal-vkp:18.2.2] AndroidManifest.xml:15:17-103
75                android:value="com.google.firebase.components.ComponentRegistrar" />
75-->[com.google.mlkit:vision-internal-vkp:18.2.2] AndroidManifest.xml:16:17-82
76            <meta-data
76-->[com.google.mlkit:vision-common:17.0.0] AndroidManifest.xml:12:13-14:85
77                android:name="com.google.firebase.components:com.google.mlkit.vision.common.internal.VisionCommonRegistrar"
77-->[com.google.mlkit:vision-common:17.0.0] AndroidManifest.xml:13:17-124
78                android:value="com.google.firebase.components.ComponentRegistrar" />
78-->[com.google.mlkit:vision-common:17.0.0] AndroidManifest.xml:14:17-82
79            <meta-data
79-->[com.google.mlkit:common:18.11.0] AndroidManifest.xml:20:13-22:85
80                android:name="com.google.firebase.components:com.google.mlkit.common.internal.CommonComponentRegistrar"
80-->[com.google.mlkit:common:18.11.0] AndroidManifest.xml:21:17-120
81                android:value="com.google.firebase.components.ComponentRegistrar" />
81-->[com.google.mlkit:common:18.11.0] AndroidManifest.xml:22:17-82
82        </service>
83
84        <provider
84-->[com.google.mlkit:common:18.11.0] AndroidManifest.xml:9:9-13:38
85            android:name="com.google.mlkit.common.internal.MlKitInitProvider"
85-->[com.google.mlkit:common:18.11.0] AndroidManifest.xml:10:13-78
86            android:authorities="com.example.mlkit.mlkitinitprovider"
86-->[com.google.mlkit:common:18.11.0] AndroidManifest.xml:11:13-69
87            android:exported="false"
87-->[com.google.mlkit:common:18.11.0] AndroidManifest.xml:12:13-37
88            android:initOrder="99" />
88-->[com.google.mlkit:common:18.11.0] AndroidManifest.xml:13:13-35
89        <provider
89-->[androidx.emoji2:emoji2:1.2.0] AndroidManifest.xml:24:9-32:20
90            android:name="androidx.startup.InitializationProvider"
90-->[androidx.emoji2:emoji2:1.2.0] AndroidManifest.xml:25:13-67
91            android:authorities="com.example.mlkit.androidx-startup"
91-->[androidx.emoji2:emoji2:1.2.0] AndroidManifest.xml:26:13-68
92            android:exported="false" >
92-->[androidx.emoji2:emoji2:1.2.0] AndroidManifest.xml:27:13-37
93            <meta-data
93-->[androidx.emoji2:emoji2:1.2.0] AndroidManifest.xml:29:13-31:52
94                android:name="androidx.emoji2.text.EmojiCompatInitializer"
94-->[androidx.emoji2:emoji2:1.2.0] AndroidManifest.xml:30:17-75
95                android:value="androidx.startup" />
95-->[androidx.emoji2:emoji2:1.2.0] AndroidManifest.xml:31:17-49
96            <meta-data
96-->[androidx.lifecycle:lifecycle-process:2.6.1] AndroidManifest.xml:29:13-31:52
97                android:name="androidx.lifecycle.ProcessLifecycleInitializer"
97-->[androidx.lifecycle:lifecycle-process:2.6.1] AndroidManifest.xml:30:17-78
98                android:value="androidx.startup" />
98-->[androidx.lifecycle:lifecycle-process:2.6.1] AndroidManifest.xml:31:17-49
99            <meta-data
99-->[androidx.profileinstaller:profileinstaller:1.3.0] AndroidManifest.xml:29:13-31:52
100                android:name="androidx.profileinstaller.ProfileInstallerInitializer"
100-->[androidx.profileinstaller:profileinstaller:1.3.0] AndroidManifest.xml:30:17-85
101                android:value="androidx.startup" />
101-->[androidx.profileinstaller:profileinstaller:1.3.0] AndroidManifest.xml:31:17-49
102        </provider>
103
104        <activity
104-->[com.google.android.gms:play-services-base:18.5.0] AndroidManifest.xml:5:9-173
105            android:name="com.google.android.gms.common.api.GoogleApiActivity"
105-->[com.google.android.gms:play-services-base:18.5.0] AndroidManifest.xml:5:19-85
106            android:exported="false"
106-->[com.google.android.gms:play-services-base:18.5.0] AndroidManifest.xml:5:146-170
107            android:theme="@android:style/Theme.Translucent.NoTitleBar" />
107-->[com.google.android.gms:play-services-base:18.5.0] AndroidManifest.xml:5:86-145
108
109        <meta-data
109-->[com.google.android.gms:play-services-basement:18.4.0] AndroidManifest.xml:6:9-122
110            android:name="com.google.android.gms.version"
110-->[com.google.android.gms:play-services-basement:18.4.0] AndroidManifest.xml:6:20-65
111            android:value="@integer/google_play_services_version" />
111-->[com.google.android.gms:play-services-basement:18.4.0] AndroidManifest.xml:6:66-119
112
113        <activity
113-->[androidx.test:core:1.5.0] AndroidManifest.xml:27:9-34:20
114            android:name="androidx.test.core.app.InstrumentationActivityInvoker$BootstrapActivity"
114-->[androidx.test:core:1.5.0] AndroidManifest.xml:28:13-99
115            android:exported="true"
115-->[androidx.test:core:1.5.0] AndroidManifest.xml:29:13-36
116            android:theme="@style/WhiteBackgroundTheme" >
116-->[androidx.test:core:1.5.0] AndroidManifest.xml:30:13-56
117            <intent-filter android:priority="-100" >
117-->[androidx.test:core:1.5.0] AndroidManifest.xml:31:13-33:29
117-->[androidx.test:core:1.5.0] AndroidManifest.xml:31:28-51
118                <category android:name="android.intent.category.LAUNCHER" />
118-->src/main/AndroidManifest.xml:19:17-77
118-->src/main/AndroidManifest.xml:19:27-74
119            </intent-filter>
120        </activity>
121        <activity
121-->[androidx.test:core:1.5.0] AndroidManifest.xml:35:9-42:20
122            android:name="androidx.test.core.app.InstrumentationActivityInvoker$EmptyActivity"
122-->[androidx.test:core:1.5.0] AndroidManifest.xml:36:13-95
123            android:exported="true"
123-->[androidx.test:core:1.5.0] AndroidManifest.xml:37:13-36
124            android:theme="@style/WhiteBackgroundTheme" >
124-->[androidx.test:core:1.5.0] AndroidManifest.xml:38:13-56
125            <intent-filter android:priority="-100" >
125-->[androidx.test:core:1.5.0] AndroidManifest.xml:31:13-33:29
125-->[androidx.test:core:1.5.0] AndroidManifest.xml:31:28-51
126                <category android:name="android.intent.category.LAUNCHER" />
126-->src/main/AndroidManifest.xml:19:17-77
126-->src/main/AndroidManifest.xml:19:27-74
127            </intent-filter>
128        </activity>
129        <activity
129-->[androidx.test:core:1.5.0] AndroidManifest.xml:43:9-50:20
130            android:name="androidx.test.core.app.InstrumentationActivityInvoker$EmptyFloatingActivity"
130-->[androidx.test:core:1.5.0] AndroidManifest.xml:44:13-103
131            android:exported="true"
131-->[androidx.test:core:1.5.0] AndroidManifest.xml:45:13-36
132            android:theme="@style/WhiteBackgroundDialogTheme" >
132-->[androidx.test:core:1.5.0] AndroidManifest.xml:46:13-62
133            <intent-filter android:priority="-100" >
133-->[androidx.test:core:1.5.0] AndroidManifest.xml:31:13-33:29
133-->[androidx.test:core:1.5.0] AndroidManifest.xml:31:28-51
134                <category android:name="android.intent.category.LAUNCHER" />
134-->src/main/AndroidManifest.xml:19:17-77
134-->src/main/AndroidManifest.xml:19:27-74
135            </intent-filter>
136        </activity>
137
138        <service
138-->[com.google.android.datatransport:transport-backend-cct:2.3.3] AndroidManifest.xml:29:9-35:19
139            android:name="com.google.android.datatransport.runtime.backends.TransportBackendDiscovery"
139-->[com.google.android.datatransport:transport-backend-cct:2.3.3] AndroidManifest.xml:30:13-103
140            android:exported="false" >
140-->[com.google.android.datatransport:transport-backend-cct:2.3.3] AndroidManifest.xml:31:13-37
141            <meta-data
141-->[com.google.android.datatransport:transport-backend-cct:2.3.3] AndroidManifest.xml:32:13-34:39
142                android:name="backend:com.google.android.datatransport.cct.CctBackendFactory"
142-->[com.google.android.datatransport:transport-backend-cct:2.3.3] AndroidManifest.xml:33:17-94
143                android:value="cct" />
143-->[com.google.android.datatransport:transport-backend-cct:2.3.3] AndroidManifest.xml:34:17-36
144        </service>
145        <service
145-->[com.google.android.datatransport:transport-runtime:2.2.6] AndroidManifest.xml:26:9-30:19
146            android:name="com.google.android.datatransport.runtime.scheduling.jobscheduling.JobInfoSchedulerService"
146-->[com.google.android.datatransport:transport-runtime:2.2.6] AndroidManifest.xml:27:13-117
147            android:exported="false"
147-->[com.google.android.datatransport:transport-runtime:2.2.6] AndroidManifest.xml:28:13-37
148            android:permission="android.permission.BIND_JOB_SERVICE" >
148-->[com.google.android.datatransport:transport-runtime:2.2.6] AndroidManifest.xml:29:13-69
149        </service>
150
151        <receiver
151-->[com.google.android.datatransport:transport-runtime:2.2.6] AndroidManifest.xml:32:9-34:40
152            android:name="com.google.android.datatransport.runtime.scheduling.jobscheduling.AlarmManagerSchedulerBroadcastReceiver"
152-->[com.google.android.datatransport:transport-runtime:2.2.6] AndroidManifest.xml:33:13-132
153            android:exported="false" />
153-->[com.google.android.datatransport:transport-runtime:2.2.6] AndroidManifest.xml:34:13-37
154        <receiver
154-->[androidx.profileinstaller:profileinstaller:1.3.0] AndroidManifest.xml:34:9-52:20
155            android:name="androidx.profileinstaller.ProfileInstallReceiver"
155-->[androidx.profileinstaller:profileinstaller:1.3.0] AndroidManifest.xml:35:13-76
156            android:directBootAware="false"
156-->[androidx.profileinstaller:profileinstaller:1.3.0] AndroidManifest.xml:36:13-44
157            android:enabled="true"
157-->[androidx.profileinstaller:profileinstaller:1.3.0] AndroidManifest.xml:37:13-35
158            android:exported="true"
158-->[androidx.profileinstaller:profileinstaller:1.3.0] AndroidManifest.xml:38:13-36
159            android:permission="android.permission.DUMP" >
159-->[androidx.profileinstaller:profileinstaller:1.3.0] AndroidManifest.xml:39:13-57
160            <intent-filter>
160-->[androidx.profileinstaller:profileinstaller:1.3.0] AndroidManifest.xml:40:13-42:29
161                <action android:name="androidx.profileinstaller.action.INSTALL_PROFILE" />
161-->[androidx.profileinstaller:profileinstaller:1.3.0] AndroidManifest.xml:41:17-91
161-->[androidx.profileinstaller:profileinstaller:1.3.0] AndroidManifest.xml:41:25-88
162            </intent-filter>
163            <intent-filter>
163-->[androidx.profileinstaller:profileinstaller:1.3.0] AndroidManifest.xml:43:13-45:29
164                <action android:name="androidx.profileinstaller.action.SKIP_FILE" />
164-->[androidx.profileinstaller:profileinstaller:1.3.0] AndroidManifest.xml:44:17-85
164-->[androidx.profileinstaller:profileinstaller:1.3.0] AndroidManifest.xml:44:25-82
165            </intent-filter>
166            <intent-filter>
166-->[androidx.profileinstaller:profileinstaller:1.3.0] AndroidManifest.xml:46:13-48:29
167                <action android:name="androidx.profileinstaller.action.SAVE_PROFILE" />
167-->[androidx.profileinstaller:profileinstaller:1.3.0] AndroidManifest.xml:47:17-88
167-->[androidx.profileinstaller:profileinstaller:1.3.0] AndroidManifest.xml:47:25-85
168            </intent-filter>
169            <intent-filter>
169-->[androidx.profileinstaller:profileinstaller:1.3.0] AndroidManifest.xml:49:13-51:29
170                <action android:name="androidx.profileinstaller.action.BENCHMARK_OPERATION" />
170-->[androidx.profileinstaller:profileinstaller:1.3.0] AndroidManifest.xml:50:17-95
170-->[androidx.profileinstaller:profileinstaller:1.3.0] AndroidManifest.xml:50:25-92
171            </intent-filter>
172        </receiver>
173    </application>
174
175</manifest>